[2025-06-13 14:09:31] [INFO] Input recebido: {"userId":166,"email":"allanmouraoficial2@gmail.com"}
[2025-06-13 14:09:31] [INFO] Dados recebidos - userId: 166, email: allanmouraoficial2@gmail.com
[2025-06-13 14:09:31] [INFO] Código gerado: 443612
[2025-06-13 14:09:31] [INFO] Conexão com banco estabelecida
[2025-06-13 14:09:31] [INFO] Código atualizado no banco
[2025-06-13 14:09:31] [INFO] Configuração Brevo carregada
[2025-06-13 14:09:31] [INFO] Tentando enviar email via Brevo para: allanmouraoficial2@gmail.com
[2025-06-13 14:09:31] [INFO] Email enviado com sucesso. Message ID: <202506131209.60233864111@smtp-relay.mailin.fr>
[2025-06-13 14:12:54] [INFO] Input recebido: {"userId":167,"email":"allanmouraoficial2@gmail.com"}
[2025-06-13 14:12:54] [INFO] Dados recebidos - userId: 167, email: allanmouraoficial2@gmail.com
[2025-06-13 14:12:54] [INFO] Código gerado: 677254
[2025-06-13 14:12:54] [INFO] Conexão com banco estabelecida
[2025-06-13 14:12:54] [INFO] Código atualizado no banco
[2025-06-13 14:12:54] [INFO] Configuração Brevo carregada
[2025-06-13 14:12:54] [INFO] Tentando enviar email via Brevo para: allanmouraoficial2@gmail.com
[2025-06-13 14:12:55] [INFO] Email enviado com sucesso. Message ID: <202506131212.18073946566@smtp-relay.mailin.fr>
[2025-06-13 14:17:28] [INFO] Input recebido: {"userId":168,"email":"allanmouraoficial2@gmail.com"}
[2025-06-13 14:17:28] [INFO] Dados recebidos - userId: 168, email: allanmouraoficial2@gmail.com
[2025-06-13 14:17:28] [INFO] Código gerado: 466628
[2025-06-13 14:17:28] [INFO] Conexão com banco estabelecida
[2025-06-13 14:17:28] [INFO] Código atualizado no banco
[2025-06-13 14:17:28] [INFO] Configuração Brevo carregada
[2025-06-13 14:17:28] [INFO] Tentando enviar email via Brevo para: allanmouraoficial2@gmail.com
[2025-06-13 14:17:29] [INFO] Email enviado com sucesso. Message ID: <202506131217.31945139485@smtp-relay.mailin.fr>
[2025-06-13 15:13:16] [INFO] Input recebido: {"userId":169,"email":"allanmouraoficial2@gmail.com"}
[2025-06-13 15:13:16] [INFO] Dados recebidos - userId: 169, email: allanmouraoficial2@gmail.com
[2025-06-13 15:13:16] [INFO] Código gerado: 829753
[2025-06-13 15:13:16] [INFO] Conexão com banco estabelecida
[2025-06-13 15:13:16] [INFO] Código atualizado no banco
[2025-06-13 15:13:16] [INFO] Configuração Brevo carregada
[2025-06-13 15:13:16] [INFO] Tentando enviar email via Brevo para: allanmouraoficial2@gmail.com
[2025-06-13 15:13:17] [INFO] Email enviado com sucesso. Message ID: <202506131313.77550553109@smtp-relay.mailin.fr>
[2025-06-13 15:15:23] [INFO] Input recebido: {"userId":170,"email":"allanmouraoficial2@gmail.com"}
[2025-06-13 15:15:23] [INFO] Dados recebidos - userId: 170, email: allanmouraoficial2@gmail.com
[2025-06-13 15:15:23] [INFO] Código gerado: 703868
[2025-06-13 15:15:23] [INFO] Conexão com banco estabelecida
[2025-06-13 15:15:23] [INFO] Código atualizado no banco
[2025-06-13 15:15:23] [INFO] Configuração Brevo carregada
[2025-06-13 15:15:23] [INFO] Tentando enviar email via Brevo para: allanmouraoficial2@gmail.com
[2025-06-13 15:15:23] [INFO] Email enviado com sucesso. Message ID: <202506131315.98662334604@smtp-relay.mailin.fr>
[2025-06-13 15:25:34] [INFO] Input recebido: {"userId":171,"email":"allanmouraoficial2@gmail.com"}
[2025-06-13 15:25:34] [INFO] Dados recebidos - userId: 171, email: allanmouraoficial2@gmail.com
[2025-06-13 15:25:34] [INFO] Código gerado: 156727
[2025-06-13 15:25:34] [INFO] Conexão com banco estabelecida
[2025-06-13 15:25:34] [INFO] Código atualizado no banco
[2025-06-13 15:25:34] [INFO] Configuração Brevo carregada
[2025-06-13 15:25:34] [INFO] Tentando enviar email via Brevo para: allanmouraoficial2@gmail.com
[2025-06-13 15:25:34] [INFO] Email enviado com sucesso. Message ID: <202506131325.45027443891@smtp-relay.mailin.fr>
[2025-06-13 15:28:09] [INFO] Input recebido: {"userId":171,"email":"allanmouraoficial2@gmail.com"}
[2025-06-13 15:28:09] [INFO] Dados recebidos - userId: 171, email: allanmouraoficial2@gmail.com
[2025-06-13 15:28:09] [INFO] Código gerado: 692303
[2025-06-13 15:28:09] [INFO] Conexão com banco estabelecida
[2025-06-13 15:28:09] [INFO] Código atualizado no banco
[2025-06-13 15:28:09] [INFO] Configuração Brevo carregada
[2025-06-13 15:28:09] [INFO] Tentando enviar email via Brevo para: allanmouraoficial2@gmail.com
[2025-06-13 15:28:10] [INFO] Email enviado com sucesso. Message ID: <202506131328.81325296844@smtp-relay.mailin.fr>
